<?xml version="1.0" encoding="UTF-8"?>
<robot generator="Robot 5.0.1 (Python 3.10.5 on win32)" generated="20220706 20:33:44.829" rpa="false" schemaversion="3">
<suite id="s1" name="Cadastro" source="C:\GravidadeZERO\yodapp\tests\cadastro.robot">
<test id="s1-t1" name="Deve cadastrar um novo personagem" line="12">
<kw name="Start Session" library="base" type="SETUP">
<kw name="New Browser" library="Browser">
<arg>chromium</arg>
<arg>headless=False</arg>
<arg>slowMo=00:00:00</arg>
<tag>BrowserControl</tag>
<tag>Setter</tag>
<doc>Create a new playwright Browser with specified options.</doc>
<msg timestamp="20220706 20:33:45.756" level="INFO">{"browser": "chromium", "headless": false, "handleSIGINT": true, "handleSIGTERM": true, "handleSIGHUP": true, "timeout": 30000.0, "devtools": false, "slowMo": 0.0, "tracesDir": "C:\\GravidadeZERO\\yodapp\\.logs\\browser\\traces\\6fcdb378-6ecb-41c1-9cb6-8b3b0312303a"}</msg>
<msg timestamp="20220706 20:33:47.061" level="INFO">Successfully created browser with options: {"browser":"chromium","headless":false,"handleSIGINT":true,"handleSIGTERM":true,"handleSIGHUP":true,"timeout":30000,"devtools":false,"slowMo":0,"tracesDir":"C:\\GravidadeZERO\\yodapp\\.logs\\browser\\traces\\6fcdb378-6ecb-41c1-9cb6-8b3b0312303a"}</msg>
<status status="PASS" starttime="20220706 20:33:45.755" endtime="20220706 20:33:47.061"/>
</kw>
<kw name="New Page" library="Browser">
<arg>https://yodapp-testing.vercel.app</arg>
<tag>BrowserControl</tag>
<tag>Setter</tag>
<doc>Open a new Page.</doc>
<msg timestamp="20220706 20:33:48.737" level="INFO">Successfully initialized new page object and opened url: https://yodapp-testing.vercel.app</msg>
<msg timestamp="20220706 20:33:48.737" level="INFO">No context was open. New context was automatically opened when this page is created.</msg>
<status status="PASS" starttime="20220706 20:33:47.061" endtime="20220706 20:33:48.738"/>
</kw>
<status status="PASS" starttime="20220706 20:33:45.755" endtime="20220706 20:33:48.738"/>
</kw>
<kw name="Factory Yoda" library="users">
<var>&amp;{user}</var>
<msg timestamp="20220706 20:33:48.739" level="INFO">&amp;{user} = { name=Mestre Yoda | email=yoda@jedi.com | ordem=Jedi | tpjedi=Cavaleiro Jedi | bdate=fevereiro-1970-20 | instagram=@yoda }</msg>
<status status="PASS" starttime="20220706 20:33:48.738" endtime="20220706 20:33:48.739"/>
</kw>
<kw name="Go to User Form" library="actions">
<kw name="Click" library="Browser">
<arg>text=Novo</arg>
<tag>PageContent</tag>
<tag>Setter</tag>
<doc>Simulates mouse click on the element found by ``selector``.</doc>
<status status="PASS" starttime="20220706 20:33:48.739" endtime="20220706 20:33:48.911"/>
</kw>
<kw name="Wait For Elements State" library="Browser">
<arg>css=.card-header-title &gt;&gt; text=Cadastrar novo usuário</arg>
<arg>visible</arg>
<arg>5</arg>
<tag>PageContent</tag>
<tag>Wait</tag>
<doc>Waits for the element found by ``selector`` to satisfy state option.</doc>
<msg timestamp="20220706 20:33:49.242" level="INFO">Waited for Element with selector css=.card-header-title &gt;&gt; text=Cadastrar novo usuário at state visible</msg>
<status status="PASS" starttime="20220706 20:33:48.912" endtime="20220706 20:33:49.242"/>
</kw>
<status status="PASS" starttime="20220706 20:33:48.739" endtime="20220706 20:33:49.242"/>
</kw>
<kw name="Fill User Form" library="actions">
<arg>${user}</arg>
<kw name="Fill Text" library="Browser">
<arg>css=input[name="nome"]</arg>
<arg>${user}[name]</arg>
<tag>PageContent</tag>
<tag>Setter</tag>
<doc>Clears and fills the given ``txt`` into the text field found by ``selector``.</doc>
<msg timestamp="20220706 20:33:49.244" level="INFO">Fills the text 'Mestre Yoda' in the given field.</msg>
<status status="PASS" starttime="20220706 20:33:49.244" endtime="20220706 20:33:49.305"/>
</kw>
<kw name="Fill Text" library="Browser">
<arg>css=input[name="email"]</arg>
<arg>${user}[email]</arg>
<tag>PageContent</tag>
<tag>Setter</tag>
<doc>Clears and fills the given ``txt`` into the text field found by ``selector``.</doc>
<msg timestamp="20220706 20:33:49.306" level="INFO">Fills the text 'yoda@jedi.com' in the given field.</msg>
<status status="PASS" starttime="20220706 20:33:49.305" endtime="20220706 20:33:49.342"/>
</kw>
<kw name="Select Options By" library="Browser">
<arg>css=.ordem select</arg>
<arg>text</arg>
<arg>${user}[ordem]</arg>
<tag>PageContent</tag>
<tag>Setter</tag>
<doc>Selects options from select element found by ``selector``.</doc>
<status status="PASS" starttime="20220706 20:33:49.342" endtime="20220706 20:33:49.406"/>
</kw>
<kw name="Select Birth Date" library="actions">
<arg>${user}[bdate]</arg>
<kw name="Split String" library="String">
<var>@{date}</var>
<arg>${text_date}</arg>
<arg>-</arg>
<doc>Splits the ``string`` using ``separator`` as a delimiter string.</doc>
<msg timestamp="20220706 20:33:49.407" level="INFO">@{date} = [ fevereiro | 1970 | 20 ]</msg>
<status status="PASS" starttime="20220706 20:33:49.407" endtime="20220706 20:33:49.407"/>
</kw>
<kw name="Click" library="Browser">
<arg>css=input[name="Data de nascimento"]</arg>
<tag>PageContent</tag>
<tag>Setter</tag>
<doc>Simulates mouse click on the element found by ``selector``.</doc>
<status status="PASS" starttime="20220706 20:33:49.407" endtime="20220706 20:33:49.576"/>
</kw>
<kw name="Select Options By" library="Browser">
<arg>xpath=(//header[@class="datepicker-header"]//select)[1]</arg>
<arg>text</arg>
<arg>${date}[0]</arg>
<tag>PageContent</tag>
<tag>Setter</tag>
<doc>Selects options from select element found by ``selector``.</doc>
<status status="PASS" starttime="20220706 20:33:49.576" endtime="20220706 20:33:49.654"/>
</kw>
<kw name="Select Options By" library="Browser">
<arg>xpath=(//header[@class="datepicker-header"]//select)[2]</arg>
<arg>value</arg>
<arg>${date}[1]</arg>
<tag>PageContent</tag>
<tag>Setter</tag>
<doc>Selects options from select element found by ``selector``.</doc>
<status status="PASS" starttime="20220706 20:33:49.655" endtime="20220706 20:33:49.724"/>
</kw>
<kw name="Click" library="Browser">
<arg>xpath=//a[contains(@class, "datepicker-cell")]//span[text()="${date}[2]"]</arg>
<tag>PageContent</tag>
<tag>Setter</tag>
<doc>Simulates mouse click on the element found by ``selector``.</doc>
<status status="PASS" starttime="20220706 20:33:49.724" endtime="20220706 20:33:49.810"/>
</kw>
<status status="PASS" starttime="20220706 20:33:49.407" endtime="20220706 20:33:49.810"/>
</kw>
<kw name="Fill Text" library="Browser">
<arg>id=insta</arg>
<arg>${user}[instagram]</arg>
<tag>PageContent</tag>
<tag>Setter</tag>
<doc>Clears and fills the given ``txt`` into the text field found by ``selector``.</doc>
<msg timestamp="20220706 20:33:49.811" level="INFO">Fills the text '@yoda' in the given field.</msg>
<status status="PASS" starttime="20220706 20:33:49.810" endtime="20220706 20:33:49.847"/>
</kw>
<status status="PASS" starttime="20220706 20:33:49.243" endtime="20220706 20:33:49.848"/>
</kw>
<kw name="Select Jedi" library="actions">
<arg>${user}[tpjedi]</arg>
<kw name="Click" library="Browser">
<arg>//input[@value="${tpjedi}"]/..//span[@class="check"]</arg>
<tag>PageContent</tag>
<tag>Setter</tag>
<doc>Simulates mouse click on the element found by ``selector``.</doc>
<status status="PASS" starttime="20220706 20:33:49.852" endtime="20220706 20:33:49.941"/>
</kw>
<status status="PASS" starttime="20220706 20:33:49.850" endtime="20220706 20:33:49.942"/>
</kw>
<kw name="Check Accept Comunications" library="actions">
<kw name="Click" library="Browser">
<arg>//input[@name="comunications"]/../span[@class="check"]</arg>
<tag>PageContent</tag>
<tag>Setter</tag>
<doc>Simulates mouse click on the element found by ``selector``.</doc>
<status status="PASS" starttime="20220706 20:33:49.942" endtime="20220706 20:33:50.013"/>
</kw>
<status status="PASS" starttime="20220706 20:33:49.942" endtime="20220706 20:33:50.013"/>
</kw>
<kw name="Submit User Form" library="actions">
<kw name="Click" library="Browser">
<arg>css=button &gt;&gt; text=Cadastrar</arg>
<tag>PageContent</tag>
<tag>Setter</tag>
<doc>Simulates mouse click on the element found by ``selector``.</doc>
<status status="PASS" starttime="20220706 20:33:50.016" endtime="20220706 20:33:50.114"/>
</kw>
<status status="PASS" starttime="20220706 20:33:50.014" endtime="20220706 20:33:50.114"/>
</kw>
<kw name="Toaster Message Should Be" library="actions">
<arg>Usuário cadastrado com sucesso!</arg>
<kw name="Wait For Elements State" library="Browser">
<arg>css=.toast div &gt;&gt; text=${expected_message}</arg>
<arg>visible</arg>
<arg>5</arg>
<tag>PageContent</tag>
<tag>Wait</tag>
<doc>Waits for the element found by ``selector`` to satisfy state option.</doc>
<msg timestamp="20220706 20:33:50.139" level="INFO">Waited for Element with selector css=.toast div &gt;&gt; text=Usuário cadastrado com sucesso! at state visible</msg>
<status status="PASS" starttime="20220706 20:33:50.119" endtime="20220706 20:33:50.140"/>
</kw>
<status status="PASS" starttime="20220706 20:33:50.117" endtime="20220706 20:33:50.140"/>
</kw>
<kw name="End Session" library="base" type="TEARDOWN">
<kw name="Take Screenshot" library="Browser">
<tag>PageContent</tag>
<doc>Takes a screenshot of the current window or element and saves it to disk.</doc>
<msg timestamp="20220706 20:33:50.362" level="INFO" html="true">&lt;/td&gt;&lt;/tr&gt;&lt;tr&gt;&lt;td colspan="3"&gt;&lt;a href="browser/screenshot/robotframework-browser-screenshot-1.png"&gt;&lt;img src="browser/screenshot/robotframework-browser-screenshot-1.png" width="800px"&gt;&lt;/a&gt;</msg>
<status status="PASS" starttime="20220706 20:33:50.141" endtime="20220706 20:33:50.363"/>
</kw>
<status status="PASS" starttime="20220706 20:33:50.140" endtime="20220706 20:33:50.363"/>
</kw>
<tag>happy</tag>
<status status="PASS" starttime="20220706 20:33:45.752" endtime="20220706 20:33:50.363"/>
</test>
<test id="s1-t2" name="Email incorreto" line="25">
<kw name="Start Session" library="base" type="SETUP">
<kw name="New Browser" library="Browser">
<arg>chromium</arg>
<arg>headless=False</arg>
<arg>slowMo=00:00:00</arg>
<tag>BrowserControl</tag>
<tag>Setter</tag>
<doc>Create a new playwright Browser with specified options.</doc>
<msg timestamp="20220706 20:33:50.502" level="INFO">{"browser": "chromium", "headless": false, "handleSIGINT": true, "handleSIGTERM": true, "handleSIGHUP": true, "timeout": 30000.0, "devtools": false, "slowMo": 0.0, "tracesDir": "C:\\GravidadeZERO\\yodapp\\.logs\\browser\\traces\\5745d7b0-26fa-4a41-ba5c-6d8ed392c832"}</msg>
<msg timestamp="20220706 20:33:51.885" level="INFO">Successfully created browser with options: {"browser":"chromium","headless":false,"handleSIGINT":true,"handleSIGTERM":true,"handleSIGHUP":true,"timeout":30000,"devtools":false,"slowMo":0,"tracesDir":"C:\\GravidadeZERO\\yodapp\\.logs\\browser\\traces\\5745d7b0-26fa-4a41-ba5c-6d8ed392c832"}</msg>
<status status="PASS" starttime="20220706 20:33:50.500" endtime="20220706 20:33:51.886"/>
</kw>
<kw name="New Page" library="Browser">
<arg>https://yodapp-testing.vercel.app</arg>
<tag>BrowserControl</tag>
<tag>Setter</tag>
<doc>Open a new Page.</doc>
<msg timestamp="20220706 20:33:53.043" level="INFO">Successfully initialized new page object and opened url: https://yodapp-testing.vercel.app</msg>
<msg timestamp="20220706 20:33:53.043" level="INFO">No context was open. New context was automatically opened when this page is created.</msg>
<status status="PASS" starttime="20220706 20:33:51.886" endtime="20220706 20:33:53.043"/>
</kw>
<status status="PASS" starttime="20220706 20:33:50.499" endtime="20220706 20:33:53.043"/>
</kw>
<kw name="Factory Darth Vader" library="users">
<var>&amp;{user}</var>
<msg timestamp="20220706 20:33:53.044" level="INFO">&amp;{user} = { name=Darth Vader | email=vader&amp;hotmail.com | ordem=Sith | bdate=dezembro-1980-15 | instagram=@vader }</msg>
<status status="PASS" starttime="20220706 20:33:53.044" endtime="20220706 20:33:53.044"/>
</kw>
<kw name="Go to User Form" library="actions">
<kw name="Click" library="Browser">
<arg>text=Novo</arg>
<tag>PageContent</tag>
<tag>Setter</tag>
<doc>Simulates mouse click on the element found by ``selector``.</doc>
<status status="PASS" starttime="20220706 20:33:53.045" endtime="20220706 20:33:53.215"/>
</kw>
<kw name="Wait For Elements State" library="Browser">
<arg>css=.card-header-title &gt;&gt; text=Cadastrar novo usuário</arg>
<arg>visible</arg>
<arg>5</arg>
<tag>PageContent</tag>
<tag>Wait</tag>
<doc>Waits for the element found by ``selector`` to satisfy state option.</doc>
<msg timestamp="20220706 20:33:53.549" level="INFO">Waited for Element with selector css=.card-header-title &gt;&gt; text=Cadastrar novo usuário at state visible</msg>
<status status="PASS" starttime="20220706 20:33:53.216" endtime="20220706 20:33:53.549"/>
</kw>
<status status="PASS" starttime="20220706 20:33:53.045" endtime="20220706 20:33:53.550"/>
</kw>
<kw name="Fill User Form" library="actions">
<arg>${user}</arg>
<kw name="Fill Text" library="Browser">
<arg>css=input[name="nome"]</arg>
<arg>${user}[name]</arg>
<tag>PageContent</tag>
<tag>Setter</tag>
<doc>Clears and fills the given ``txt`` into the text field found by ``selector``.</doc>
<msg timestamp="20220706 20:33:53.551" level="INFO">Fills the text 'Darth Vader' in the given field.</msg>
<status status="PASS" starttime="20220706 20:33:53.551" endtime="20220706 20:33:53.612"/>
</kw>
<kw name="Fill Text" library="Browser">
<arg>css=input[name="email"]</arg>
<arg>${user}[email]</arg>
<tag>PageContent</tag>
<tag>Setter</tag>
<doc>Clears and fills the given ``txt`` into the text field found by ``selector``.</doc>
<msg timestamp="20220706 20:33:53.613" level="INFO">Fills the text 'vader&amp;hotmail.com' in the given field.</msg>
<status status="PASS" starttime="20220706 20:33:53.612" endtime="20220706 20:33:53.661"/>
</kw>
<kw name="Select Options By" library="Browser">
<arg>css=.ordem select</arg>
<arg>text</arg>
<arg>${user}[ordem]</arg>
<tag>PageContent</tag>
<tag>Setter</tag>
<doc>Selects options from select element found by ``selector``.</doc>
<status status="PASS" starttime="20220706 20:33:53.661" endtime="20220706 20:33:53.713"/>
</kw>
<kw name="Select Birth Date" library="actions">
<arg>${user}[bdate]</arg>
<kw name="Split String" library="String">
<var>@{date}</var>
<arg>${text_date}</arg>
<arg>-</arg>
<doc>Splits the ``string`` using ``separator`` as a delimiter string.</doc>
<msg timestamp="20220706 20:33:53.714" level="INFO">@{date} = [ dezembro | 1980 | 15 ]</msg>
<status status="PASS" starttime="20220706 20:33:53.714" endtime="20220706 20:33:53.714"/>
</kw>
<kw name="Click" library="Browser">
<arg>css=input[name="Data de nascimento"]</arg>
<tag>PageContent</tag>
<tag>Setter</tag>
<doc>Simulates mouse click on the element found by ``selector``.</doc>
<status status="PASS" starttime="20220706 20:33:53.714" endtime="20220706 20:33:53.941"/>
</kw>
<kw name="Select Options By" library="Browser">
<arg>xpath=(//header[@class="datepicker-header"]//select)[1]</arg>
<arg>text</arg>
<arg>${date}[0]</arg>
<tag>PageContent</tag>
<tag>Setter</tag>
<doc>Selects options from select element found by ``selector``.</doc>
<status status="PASS" starttime="20220706 20:33:53.942" endtime="20220706 20:33:54.074"/>
</kw>
<kw name="Select Options By" library="Browser">
<arg>xpath=(//header[@class="datepicker-header"]//select)[2]</arg>
<arg>value</arg>
<arg>${date}[1]</arg>
<tag>PageContent</tag>
<tag>Setter</tag>
<doc>Selects options from select element found by ``selector``.</doc>
<status status="PASS" starttime="20220706 20:33:54.075" endtime="20220706 20:33:54.201"/>
</kw>
<kw name="Click" library="Browser">
<arg>xpath=//a[contains(@class, "datepicker-cell")]//span[text()="${date}[2]"]</arg>
<tag>PageContent</tag>
<tag>Setter</tag>
<doc>Simulates mouse click on the element found by ``selector``.</doc>
<status status="PASS" starttime="20220706 20:33:54.201" endtime="20220706 20:33:54.290"/>
</kw>
<status status="PASS" starttime="20220706 20:33:53.713" endtime="20220706 20:33:54.290"/>
</kw>
<kw name="Fill Text" library="Browser">
<arg>id=insta</arg>
<arg>${user}[instagram]</arg>
<tag>PageContent</tag>
<tag>Setter</tag>
<doc>Clears and fills the given ``txt`` into the text field found by ``selector``.</doc>
<msg timestamp="20220706 20:33:54.295" level="INFO">Fills the text '@vader' in the given field.</msg>
<status status="PASS" starttime="20220706 20:33:54.291" endtime="20220706 20:33:54.365"/>
</kw>
<status status="PASS" starttime="20220706 20:33:53.550" endtime="20220706 20:33:54.365"/>
</kw>
<kw name="Check Accept Comunications" library="actions">
<kw name="Click" library="Browser">
<arg>//input[@name="comunications"]/../span[@class="check"]</arg>
<tag>PageContent</tag>
<tag>Setter</tag>
<doc>Simulates mouse click on the element found by ``selector``.</doc>
<status status="PASS" starttime="20220706 20:33:54.368" endtime="20220706 20:33:54.481"/>
</kw>
<status status="PASS" starttime="20220706 20:33:54.367" endtime="20220706 20:33:54.481"/>
</kw>
<kw name="Submit User Form" library="actions">
<kw name="Click" library="Browser">
<arg>css=button &gt;&gt; text=Cadastrar</arg>
<tag>PageContent</tag>
<tag>Setter</tag>
<doc>Simulates mouse click on the element found by ``selector``.</doc>
<status status="PASS" starttime="20220706 20:33:54.484" endtime="20220706 20:33:54.585"/>
</kw>
<status status="PASS" starttime="20220706 20:33:54.483" endtime="20220706 20:33:54.585"/>
</kw>
<kw name="Toaster Message Should Be" library="actions">
<arg>Oops! O email é incorreto.</arg>
<kw name="Wait For Elements State" library="Browser">
<arg>css=.toast div &gt;&gt; text=${expected_message}</arg>
<arg>visible</arg>
<arg>5</arg>
<tag>PageContent</tag>
<tag>Wait</tag>
<doc>Waits for the element found by ``selector`` to satisfy state option.</doc>
<msg timestamp="20220706 20:33:54.616" level="INFO">Waited for Element with selector css=.toast div &gt;&gt; text=Oops! O email é incorreto. at state visible</msg>
<status status="PASS" starttime="20220706 20:33:54.588" endtime="20220706 20:33:54.617"/>
</kw>
<status status="PASS" starttime="20220706 20:33:54.587" endtime="20220706 20:33:54.618"/>
</kw>
<kw name="End Session" library="base" type="TEARDOWN">
<kw name="Take Screenshot" library="Browser">
<tag>PageContent</tag>
<doc>Takes a screenshot of the current window or element and saves it to disk.</doc>
<msg timestamp="20220706 20:33:54.864" level="INFO" html="true">&lt;/td&gt;&lt;/tr&gt;&lt;tr&gt;&lt;td colspan="3"&gt;&lt;a href="browser/screenshot/robotframework-browser-screenshot-2.png"&gt;&lt;img src="browser/screenshot/robotframework-browser-screenshot-2.png" width="800px"&gt;&lt;/a&gt;</msg>
<status status="PASS" starttime="20220706 20:33:54.618" endtime="20220706 20:33:54.864"/>
</kw>
<status status="PASS" starttime="20220706 20:33:54.618" endtime="20220706 20:33:54.864"/>
</kw>
<tag>inv_email</tag>
<status status="PASS" starttime="20220706 20:33:50.489" endtime="20220706 20:33:54.865"/>
</test>
<doc>Suite de testes do cadastro de personagens</doc>
<status status="PASS" starttime="20220706 20:33:44.831" endtime="20220706 20:33:55.062"/>
</suite>
<statistics>
<total>
<stat pass="2" fail="0" skip="0">All Tests</stat>
</total>
<tag>
<stat pass="1" fail="0" skip="0">happy</stat>
<stat pass="1" fail="0" skip="0">inv_email</stat>
</tag>
<suite>
<stat pass="2" fail="0" skip="0" id="s1" name="Cadastro">Cadastro</stat>
</suite>
</statistics>
<errors>
</errors>
</robot>
